Opened convpng.ini

--- Group sprite_gfx (C) ---
Using defined palette PALETTE.png...
26:
 sonic_standby : converted! (compress: 731 -> 233 bytes)
 sonic_ball : converted! (compress: 731 -> 106 bytes)
 sonic_hit : converted! (compress: 731 -> 247 bytes)
 sonic_dead : converted! (compress: 731 -> 267 bytes)
 sonic_walk_1 : converted! (compress: 731 -> 260 bytes)
 sonic_walk_2 : converted! (compress: 731 -> 250 bytes)
 sonic_walk_3 : converted! (compress: 731 -> 265 bytes)
 sonic_walk_wall_1 : converted! (compress: 731 -> 250 bytes)
 sonic_walk_wall_2 : converted! (compress: 731 -> 228 bytes)
 sonic_walk_wall_3 : converted! (compress: 731 -> 244 bytes)
 sonic_run_1 : converted! (compress: 731 -> 231 bytes)
 sonic_run_2 : converted! (compress: 731 -> 222 bytes)
 sonic_run_wall_1 : converted! (compress: 731 -> 251 bytes)
 sonic_run_wall_2 : converted! (compress: 731 -> 231 bytes)
 sonic_push : converted! (compress: 731 -> 231 bytes)
 ring : converted! (compress: 102 -> 56 bytes)
 checkpoint : converted! (compress: 464 -> 135 bytes)
 checkpoint_ok : converted! (compress: 464 -> 140 bytes)
 ressort : converted! (compress: 182 -> 63 bytes)
 ressort_act : converted! (compress: 380 -> 93 bytes)
 end_sign_eggman : converted! (compress: 1026 -> 205 bytes)
 end_sign_eggman_turn : converted! (compress: 674 -> 219 bytes)
 end_sign_profil : converted! (compress: 162 -> 41 bytes)
 end_sign_eggman_turn_3 : converted! (compress: 674 -> 222 bytes)
 end_sign_sonic : converted! (compress: 1026 -> 282 bytes)
 introellipsis : converted! (compress: 752 -> 67 bytes)

--- Group tile_gfx (C) ---
Using defined palette PALETTE.png...
1:
 tileset : converted!
 tileset_tile_0_compressed (compress: 1026 -> 9 bytes) (tileset.c)
 tileset_tile_1_compressed (compress: 1026 -> 240 bytes) (tileset.c)
 tileset_tile_2_compressed (compress: 1026 -> 294 bytes) (tileset.c)
 tileset_tile_3_compressed (compress: 1026 -> 391 bytes) (tileset.c)
 tileset_tile_4_compressed (compress: 1026 -> 133 bytes) (tileset.c)
 tileset_tile_5_compressed (compress: 1026 -> 55 bytes) (tileset.c)
 tileset_tile_6_compressed (compress: 1026 -> 97 bytes) (tileset.c)
 tileset_tile_7_compressed (compress: 1026 -> 176 bytes) (tileset.c)
 tileset_tile_8_compressed (compress: 1026 -> 234 bytes) (tileset.c)
 tileset_tile_9_compressed (compress: 1026 -> 223 bytes) (tileset.c)
 tileset_tile_10_compressed (compress: 1026 -> 222 bytes) (tileset.c)
 tileset_tile_11_compressed (compress: 1026 -> 137 bytes) (tileset.c)
 tileset_tile_12_compressed (compress: 1026 -> 20 bytes) (tileset.c)
 tileset_tile_13_compressed (compress: 1026 -> 129 bytes) (tileset.c)
 tileset_tile_14_compressed (compress: 1026 -> 240 bytes) (tileset.c)
 tileset_tile_15_compressed (compress: 1026 -> 211 bytes) (tileset.c)
 tileset_tile_16_compressed (compress: 1026 -> 297 bytes) (tileset.c)
 tileset_tile_17_compressed (compress: 1026 -> 295 bytes) (tileset.c)
 tileset_tile_18_compressed (compress: 1026 -> 166 bytes) (tileset.c)
 tileset_tile_19_compressed (compress: 1026 -> 100 bytes) (tileset.c)
 tileset_tile_20_compressed (compress: 1026 -> 242 bytes) (tileset.c)
 tileset_tile_21_compressed (compress: 1026 -> 286 bytes) (tileset.c)
 tileset_tile_22_compressed (compress: 1026 -> 238 bytes) (tileset.c)
 tileset_tile_23_compressed (compress: 1026 -> 9 bytes) (tileset.c)
 tileset_tile_24_compressed (compress: 1026 -> 160 bytes) (tileset.c)
 tileset_tile_25_compressed (compress: 1026 -> 274 bytes) (tileset.c)
 tileset_tile_26_compressed (compress: 1026 -> 127 bytes) (tileset.c)
 tileset_tile_27_compressed (compress: 1026 -> 275 bytes) (tileset.c)
 tileset_tile_28_compressed (compress: 1026 -> 273 bytes) (tileset.c)
 tileset_tile_29_compressed (compress: 1026 -> 234 bytes) (tileset.c)
 tileset_tile_30_compressed (compress: 1026 -> 247 bytes) (tileset.c)
 tileset_tile_31_compressed (compress: 1026 -> 288 bytes) (tileset.c)
 tileset_tile_32_compressed (compress: 1026 -> 234 bytes) (tileset.c)
 tileset_tile_33_compressed (compress: 1026 -> 232 bytes) (tileset.c)
 tileset_tile_34_compressed (compress: 1026 -> 216 bytes) (tileset.c)
 tileset_tile_35_compressed (compress: 1026 -> 209 bytes) (tileset.c)
 tileset_tile_36_compressed (compress: 1026 -> 254 bytes) (tileset.c)
 tileset_tile_37_compressed (compress: 1026 -> 378 bytes) (tileset.c)
 tileset_tile_38_compressed (compress: 1026 -> 365 bytes) (tileset.c)
 tileset_tile_39_compressed (compress: 1026 -> 210 bytes) (tileset.c)
 tileset_tile_40_compressed (compress: 1026 -> 226 bytes) (tileset.c)
 tileset_tile_41_compressed (compress: 1026 -> 49 bytes) (tileset.c)
 tileset_tile_42_compressed (compress: 1026 -> 74 bytes) (tileset.c)
 tileset_tile_43_compressed (compress: 1026 -> 47 bytes) (tileset.c)
 tileset_tile_44_compressed (compress: 1026 -> 168 bytes) (tileset.c)
 tileset_tile_45_compressed (compress: 1026 -> 226 bytes) (tileset.c)
 tileset_tile_46_compressed (compress: 1026 -> 154 bytes) (tileset.c)
 tileset_tile_47_compressed (compress: 1026 -> 55 bytes) (tileset.c)
 tileset_tile_48_compressed (compress: 1026 -> 148 bytes) (tileset.c)
 tileset_tile_49_compressed (compress: 1026 -> 144 bytes) (tileset.c)
 tileset_tile_50_compressed (compress: 1026 -> 223 bytes) (tileset.c)
 tileset_tile_51_compressed (compress: 1026 -> 9 bytes) (tileset.c)
 tileset_tile_52_compressed (compress: 1026 -> 9 bytes) (tileset.c)
 tileset_tile_53_compressed (compress: 1026 -> 9 bytes) (tileset.c)
 tileset_tile_54_compressed (compress: 1026 -> 9 bytes) (tileset.c)
 tileset_tile_55_compressed (compress: 1026 -> 9 bytes) (tileset.c)
Converted in 2 s

[warning] image quality might be too low.
please try grouping similar images, reducing image colors, 
or selecting a better palette if conversion is not ideal.

Finished!
